Info: *******************************************************************
Info: Running Quartus II 32-bit Shell
    Info: Version 13.1.0 Build 162 10/23/2013 SJ Web Edition
    Info: Copyright (C) 1991-2013 Altera Corporation. All rights reserved.
    Info: Your use of Altera Corporation's design tools, logic functions 
    Info: and other software and tools, and its AMPP partner logic 
    Info: functions, and any output files from any of the foregoing 
    Info: (including device programming or simulation files), and any 
    Info: associated documentation or information are expressly subject 
    Info: to the terms and conditions of the Altera Program License 
    Info: Subscription Agreement, Altera MegaCore Function License 
    Info: Agreement, or other applicable license agreement, including, 
    Info: without limitation, that your use is for the sole purpose of 
    Info: programming logic devices manufactured by Altera and sold by 
    Info: Altera or its authorized distributors.  Please refer to the 
    Info: applicable agreement for further details.
    Info: Processing started: Tue Sep 02 20:44:35 2025
Info: Command: quartus_sh --determine_smart_action DE0_TOP
Info: Quartus(args): DE0_TOP
Info (293032): Detected changes in source files.
    Info (293027): Source file: C:/Users/vf210069d/Desktop/Projekat3/src/synthesis/modules/color_codes.v has changed.
    Info (293027): Source file: C:/Users/vf210069d/Desktop/Projekat3/src/synthesis/modules/vga.v has changed.
Info: SMART_ACTION = SOURCE
Info (23030): Evaluation of Tcl script c:/altera/13.1/quartus/common/tcl/internal/qsh_smart.tcl was successful
Info: Quartus II 32-bit Shell was successful. 0 errors, 0 warnings
    Info: Peak virtual memory: 181 megabytes
    Info: Processing ended: Tue Sep 02 20:44:36 2025
    Info: Elapsed time: 00:00:01
    Info: Total CPU time (on all processors): 00:00:01
